<?xml version="1.0" encoding="UTF-8"?>
<beans xmlns="http://www.springframework.org/schema/beans"
       xmlns:xsi="http://www.w3.org/2001/XMLSchema-instance"
       xmlns:dubbo="http://code.alibabatech.com/schema/dubbo"
       xsi:schemaLocation="http://www.springframework.org/schema/beans
        http://www.springframework.org/schema/beans/spring-beans.xsd
        http://code.alibabatech.com/schema/dubbo
        http://code.alibabatech.com/schema/dubbo/dubbo.xsd
        ">
    <dubbo:application name="basic-dubbo-test-consumer" />
    <dubbo:registry  protocol="zookeeper"  address="${zookeeper.url}"/>
    <dubbo:reference application="basic-dubbo-test-consumer" id="dubboReferenceTest"
                     interface="com.howbuy.cc.basic.dubbo.DubboInterfaceTest"
                     filter="dubboRequestLoggerFilter"/>

</beans>