<?xml version="1.0" encoding="UTF-8"?>
<beans xmlns="http://www.springframework.org/schema/beans"
       xmlns:xsi="http://www.w3.org/2001/XMLSchema-instance"
       xmlns:dubbo="http://code.alibabatech.com/schema/dubbo"
       xsi:schemaLocation="http://www.springframework.org/schema/beans
        http://www.springframework.org/schema/beans/spring-beans.xsd
        http://code.alibabatech.com/schema/dubbo
        http://code.alibabatech.com/schema/dubbo/dubbo.xsd
        ">
    <dubbo:application name="basic-dubbo-test-provider" />
    <!-- 本机 伪集群 测试 -->
    <dubbo:registry protocol="zookeeper"  address="${zookeeper.url}"/>

    <!-- name 为协议类型
         dispatcher
         threadpool 线程池用在什么地方
         threads 线程数量
    -->
    <dubbo:protocol name="dubbo" port="20882" dispatcher="all" threadpool="fixed" threads="2000" />


    <!-- loadbalance  服务端的均衡策略 -->
    <dubbo:service application="basic-dubbo-test-provider" interface="com.howbuy.cc.basic.test.interfac.DubboInterfaceTest"
                   ref="dubboProviderTest"
                   filter="dubboAccessLoggerFilter,dubboCodeLoggerFilter"/>

    <!-- 本地bean实现类 -->
    <bean id="dubboProviderTest" class="com.howbuy.cc.basic.test.dubbo.DubboProviderTest" />

</beans>